<?xml version="1.0" encoding="UTF-8"?>
<!-- Generated by org.testng.reporters.JUnitReportReporter -->
<testsuite hostname="DESKTOP-IMJ0REM" failures="0" tests="2" name="com.test.TestCobaAting" time="0.083" errors="0" timestamp="2022-10-04T22:12:31 WIB" skipped="0">
  <testcase classname="com.test.TestCobaAting" name="testAdd" time="0.081"/>
  <system-out/>
  <testcase classname="com.test.TestCobaAting" name="testSubstract" time="0.002"/>
  <system-out/>
</testsuite> <!-- com.test.TestCobaAting -->
